<?xml version="1.0" encoding="utf-8"?><testsuites name="pytest tests"><testsuite name="pytest" errors="0" failures="0" skipped="1" tests="13" time="10.917" timestamp="2026-03-24T08:30:29.533713+00:00" hostname="agent-env-50180061-ea51-4b90-bac0-0c2a31651301"><testcase classname="backend.tests.test_badminton_api.TestHealthAndRoot" name="test_api_root" time="1.017" /><testcase classname="backend.tests.test_badminton_api.TestAnalysesEndpoints" name="test_get_all_analyses" time="1.687" /><testcase classname="backend.tests.test_badminton_api.TestAnalysesEndpoints" name="test_get_specific_analysis" time="0.728" /><testcase classname="backend.tests.test_badminton_api.TestAnalysesEndpoints" name="test_get_nonexistent_analysis" time="0.726" /><testcase classname="backend.tests.test_badminton_api.TestAnalysesEndpoints" name="test_analysis_technique_details_structure" time="0.721" /><testcase classname="backend.tests.test_badminton_api.TestAnalysesEndpoints" name="test_analysis_footwork_details_structure" time="0.774" /><testcase classname="backend.tests.test_badminton_api.TestVideoEndpoint" name="test_get_video_stream" time="1.380" /><testcase classname="backend.tests.test_badminton_api.TestVideoEndpoint" name="test_get_nonexistent_video" time="0.731" /><testcase classname="backend.tests.test_badminton_api.TestAnalyzeEndpoint" name="test_analyze_video_upload" time="0.002"><skipped type="pytest.skip" message="Test video not found at /tmp/test_badminton.mp4">/app/backend/tests/test_badminton_api.py:147: Test video not found at /tmp/test_badminton.mp4</skipped></testcase><testcase classname="backend.tests.test_badminton_api.TestAnalyzeEndpoint" name="test_analyze_invalid_file_type" time="0.726" /><testcase classname="backend.tests.test_badminton_api.TestTrainingPlanEndpoints" name="test_get_training_plan_not_found" time="0.737" /><testcase classname="backend.tests.test_badminton_api.TestGameAnalyzeEndpoint" name="test_game_analyze_invalid_file_type" time="0.717" /><testcase classname="backend.tests.test_badminton_api.TestGameAnalyzeEndpoint" name="test_game_analyze_endpoint_exists" time="0.719" /></testsuite></testsuites>