<?xml version="1.0" encoding="utf-8"?><testsuites name="pytest tests"><testsuite name="pytest" errors="0" failures="0" skipped="0" tests="11" time="16.286" timestamp="2026-03-05T22:08:44.092825+00:00" hostname="agent-env-47455b79-fbd9-488d-934a-55217f84c392"><testcase classname="backend.tests.test_badminton_api.TestHealthAndRoot" name="test_api_root" time="0.507" /><testcase classname="backend.tests.test_badminton_api.TestAnalysesEndpoints" name="test_get_all_analyses" time="0.113" /><testcase classname="backend.tests.test_badminton_api.TestAnalysesEndpoints" name="test_get_specific_analysis" time="0.091" /><testcase classname="backend.tests.test_badminton_api.TestAnalysesEndpoints" name="test_get_nonexistent_analysis" time="0.092" /><testcase classname="backend.tests.test_badminton_api.TestAnalysesEndpoints" name="test_analysis_technique_details_structure" time="0.352" /><testcase classname="backend.tests.test_badminton_api.TestAnalysesEndpoints" name="test_analysis_footwork_details_structure" time="0.103" /><testcase classname="backend.tests.test_badminton_api.TestVideoEndpoint" name="test_get_video_stream" time="0.195" /><testcase classname="backend.tests.test_badminton_api.TestVideoEndpoint" name="test_get_nonexistent_video" time="0.101" /><testcase classname="backend.tests.test_badminton_api.TestAnalyzeEndpoint" name="test_analyze_video_upload" time="14.375" /><testcase classname="backend.tests.test_badminton_api.TestAnalyzeEndpoint" name="test_analyze_invalid_file_type" time="0.080" /><testcase classname="backend.tests.test_badminton_api.TestTrainingPlanEndpoints" name="test_get_training_plan_not_found" time="0.093" /></testsuite></testsuites>