<?xml version="1.0" encoding="utf-8"?><testsuites name="pytest tests"><testsuite name="pytest" errors="0" failures="0" skipped="0" tests="23" time="6.897" timestamp="2026-03-25T21:37:50.640466+00:00" hostname="agent-env-50180061-ea51-4b90-bac0-0c2a31651301"><testcase classname="backend.tests.test_share_coach_features.TestAuthEndpoints" name="test_auth_me_with_coach_session" time="0.557" /><testcase classname="backend.tests.test_share_coach_features.TestAuthEndpoints" name="test_auth_me_with_athlete_session" time="0.091" /><testcase classname="backend.tests.test_share_coach_features.TestAuthEndpoints" name="test_auth_me_without_session" time="0.097" /><testcase classname="backend.tests.test_share_coach_features.TestAuthEndpoints" name="test_guest_login" time="0.093" /><testcase classname="backend.tests.test_share_coach_features.TestShareLinkFeature" name="test_create_share_link" time="0.200" /><testcase classname="backend.tests.test_share_coach_features.TestShareLinkFeature" name="test_create_share_link_duplicate_returns_existing" time="0.325" /><testcase classname="backend.tests.test_share_coach_features.TestShareLinkFeature" name="test_create_share_link_unauthorized" time="0.091" /><testcase classname="backend.tests.test_share_coach_features.TestShareLinkFeature" name="test_create_share_link_not_owner" time="0.102" /><testcase classname="backend.tests.test_share_coach_features.TestShareLinkFeature" name="test_get_shared_analysis_no_auth" time="1.182" /><testcase classname="backend.tests.test_share_coach_features.TestShareLinkFeature" name="test_get_shared_analysis_invalid_id" time="0.100" /><testcase classname="backend.tests.test_share_coach_features.TestShareLinkFeature" name="test_delete_share_link" time="0.659" /><testcase classname="backend.tests.test_share_coach_features.TestCoachModeFeature" name="test_coach_upgrade" time="0.554" /><testcase classname="backend.tests.test_share_coach_features.TestCoachModeFeature" name="test_coach_already_upgraded" time="0.247" /><testcase classname="backend.tests.test_share_coach_features.TestCoachModeFeature" name="test_create_invite_code" time="0.115" /><testcase classname="backend.tests.test_share_coach_features.TestCoachModeFeature" name="test_create_invite_code_non_coach" time="0.206" /><testcase classname="backend.tests.test_share_coach_features.TestCoachModeFeature" name="test_get_coach_athletes" time="0.100" /><testcase classname="backend.tests.test_share_coach_features.TestCoachModeFeature" name="test_get_coach_athletes_non_coach" time="0.111" /><testcase classname="backend.tests.test_share_coach_features.TestCoachModeFeature" name="test_get_my_coach" time="0.096" /><testcase classname="backend.tests.test_share_coach_features.TestCoachJoinFlow" name="test_full_join_flow" time="0.760" /><testcase classname="backend.tests.test_share_coach_features.TestCoachJoinFlow" name="test_join_invalid_invite_code" time="0.096" /><testcase classname="backend.tests.test_share_coach_features.TestCoachJoinFlow" name="test_join_already_has_coach" time="0.558" /><testcase classname="backend.tests.test_share_coach_features.TestCoachAthleteAnalyses" name="test_get_athlete_analyses" time="0.208" /><testcase classname="backend.tests.test_share_coach_features.TestCoachAthleteAnalyses" name="test_get_athlete_analyses_not_coach" time="0.125" /></testsuite></testsuites>