<?xml version="1.0" encoding="utf-8"?><testsuites name="pytest tests"><testsuite name="pytest" errors="0" failures="0" skipped="0" tests="24" time="6.413" timestamp="2026-03-31T19:48:58.993099+00:00" hostname="agent-env-50180061-ea51-4b90-bac0-0c2a31651301"><testcase classname="backend.tests.test_subscription_features.TestSubscriptionPackages" name="test_get_packages_returns_200" time="0.314" /><testcase classname="backend.tests.test_subscription_features.TestSubscriptionPackages" name="test_packages_contains_monthly_and_yearly" time="0.091" /><testcase classname="backend.tests.test_subscription_features.TestSubscriptionPackages" name="test_monthly_package_price" time="0.099" /><testcase classname="backend.tests.test_subscription_features.TestSubscriptionPackages" name="test_yearly_package_price" time="0.099" /><testcase classname="backend.tests.test_subscription_features.TestSubscriptionPackages" name="test_free_tier_limit_in_response" time="0.083" /><testcase classname="backend.tests.test_subscription_features.TestSubscriptionStatus" name="test_status_requires_auth" time="0.080" /><testcase classname="backend.tests.test_subscription_features.TestSubscriptionStatus" name="test_status_returns_usage_info" time="0.187" /><testcase classname="backend.tests.test_subscription_features.TestSubscriptionStatus" name="test_status_returns_subscription_info" time="0.115" /><testcase classname="backend.tests.test_subscription_features.TestStripeCheckout" name="test_checkout_requires_auth" time="0.103" /><testcase classname="backend.tests.test_subscription_features.TestStripeCheckout" name="test_checkout_invalid_package" time="0.108" /><testcase classname="backend.tests.test_subscription_features.TestStripeCheckout" name="test_checkout_monthly_creates_session" time="1.589" /><testcase classname="backend.tests.test_subscription_features.TestStripeCheckout" name="test_checkout_yearly_creates_session" time="0.866" /><testcase classname="backend.tests.test_subscription_features.TestCheckoutStatus" name="test_status_requires_auth" time="0.076" /><testcase classname="backend.tests.test_subscription_features.TestCheckoutStatus" name="test_status_invalid_session" time="0.115" /><testcase classname="backend.tests.test_subscription_features.TestCheckoutStatus" name="test_status_valid_session" time="1.205" /><testcase classname="backend.tests.test_subscription_features.TestPromptPay" name="test_promptpay_requires_auth" time="0.130" /><testcase classname="backend.tests.test_subscription_features.TestPromptPay" name="test_promptpay_invalid_package" time="0.106" /><testcase classname="backend.tests.test_subscription_features.TestPromptPay" name="test_promptpay_monthly_creates_request" time="0.102" /><testcase classname="backend.tests.test_subscription_features.TestPromptPay" name="test_promptpay_yearly_creates_request" time="0.112" /><testcase classname="backend.tests.test_subscription_features.TestPromptPayStatus" name="test_promptpay_status_requires_auth" time="0.103" /><testcase classname="backend.tests.test_subscription_features.TestPromptPayStatus" name="test_promptpay_status_invalid_transaction" time="0.146" /><testcase classname="backend.tests.test_subscription_features.TestPromptPayStatus" name="test_promptpay_status_valid_transaction" time="0.135" /><testcase classname="backend.tests.test_subscription_features.TestFreeTierLimit" name="test_free_user_has_5_video_limit" time="0.122" /><testcase classname="backend.tests.test_subscription_features.TestUsageTracking" name="test_usage_tracking_returns_current_month" time="0.157" /></testsuite></testsuites>